[WARNING] 2025-06-12T23:17:36.871Z - Skipping SMS due to missing amount: <#> Dear Customer, your MTN MoMo application one-time password is :2476.MTN MoMo does not recommend that you share or expose your one-time password with anyone. Be Vigilant. RdbS6eMOXvx N/RywfrtIZL>.
[WARNING] 2025-06-12T23:17:36.872Z - Skipping SMS due to missing amount: <#> Dear Customer, your MTN MoMo application one-time password is :2527.MTN MoMo does not recommend that you share or expose your one-time password with anyone. Be Vigilant. RdbS6eMOXvx N/RywfrtIZL>.
[WARNING] 2025-06-12T23:17:36.872Z - Skipping SMS due to missing amount: <#> Dear Customer, your MTN MoMo application one-time password is :2900.MTN MoMo does not recommend that you share or expose your one-time password with anyone. Be Vigilant. RdbS6eMOXvx N/RywfrtIZL>.
[WARNING] 2025-06-12T23:17:36.872Z - Skipping SMS due to missing amount: <#> Dear Customer, your MTN MoMo application one-time password is :9591.MTN MoMo does not recommend that you share or expose your one-time password with anyone. Be Vigilant. RdbS6eMOXvx N/RywfrtIZL>.
[WARNING] 2025-06-12T23:17:36.872Z - Skipping SMS due to missing amount: <#> Dear Customer, your MTN MoMo application one-time password is :4666.MTN MoMo does not recommend that you share or expose your one-time password with anyone. Be Vigilant. RdbS6eMOXvx N/RywfrtIZL>.
[WARNING] 2025-06-12T23:17:36.872Z - Skipping SMS due to missing amount: <#> Dear Customer, your MTN MoMo application one-time password is :0086.MTN MoMo does not recommend that you share or expose your one-time password with anyone. Be Vigilant. RdbS6eMOXvx N/RywfrtIZL>.
[WARNING] 2025-06-12T23:17:36.873Z - Unrecognized transaction: Yello!Umaze kugura 2000Rwf(1GB)/30days igura 2,000 RWF
[WARNING] 2025-06-12T23:17:36.875Z - Unrecognized transaction: Yello!Umaze kugura 2,000FRW(2GB) igura 2,000 RWF
[WARNING] 2025-06-12T23:17:36.877Z - Unrecognized transaction: Yello!Umaze kugura 2,000FRW(2GB) igura 2,000 RWF
[WARNING] 2025-06-12T23:17:36.879Z - Unrecognized transaction: Yello!Umaze kugura 500FRW(800MB) igura 500 RWF
[WARNING] 2025-06-12T23:17:36.880Z - Unrecognized transaction: Yello!Umaze kugura 500FRW(800MB) igura 500 RWF
[WARNING] 2025-06-12T23:17:36.880Z - Unrecognized transaction: A reversal has been initiated for your transaction to Mediatrice UWAYISENGA (250788658286) with 3000 RWF.
[WARNING] 2025-06-12T23:17:36.881Z - Unrecognized transaction: Yello!Umaze kugura 200Rwf(50MB) igura 200 RWF
[WARNING] 2025-06-12T23:17:36.881Z - Unrecognized transaction: Yello!Umaze kugura 500FRW(800MB) igura 500 RWF
[WARNING] 2025-06-12T23:17:36.881Z - Unrecognized transaction: Yello!Umaze kugura 2000Rwf(1.5GB) igura 2,000 RWF
[WARNING] 2025-06-12T23:17:36.881Z - Unrecognized transaction: Yello!Umaze kugura 3000Frw=2500Mins+100SMS igura 3,000 RWF
[WARNING] 2025-06-12T23:17:36.882Z - Unrecognized transaction: Yello!Umaze kugura 500FRW(800MB) igura 500 RWF
[WARNING] 2025-06-12T23:17:36.882Z - Unrecognized transaction: Yello!Umaze kugura 1000Rwf(1GB) igura 1,000 RWF
[WARNING] 2025-06-12T23:17:36.882Z - Unrecognized transaction: Yello!Umaze kugura 200Rwf(50MB) igura 200 RWF
[WARNING] 2025-06-12T23:17:36.882Z - Unrecognized transaction: Yello!Umaze kugura 1,000FRW(2200MB) igura 1,000 RWF
[WARNING] 2025-06-12T23:17:36.882Z - Unrecognized transaction: Yello!Umaze kugura 1,000FRW(2200MB) igura 1,000 RWF
[WARNING] 2025-06-12T23:17:36.882Z - Skipping SMS due to missing amount: <#> Dear Customer, your MTN MoMo application one-time password is :2632.MTN MoMo does not recommend that you share or expose your one-time password with anyone. Be Vigilant. RdbS6eMOXvx N/RywfrtIZL>.
[WARNING] 2025-06-12T23:17:36.882Z - Skipping SMS due to missing amount: <#> Dear Customer, your MTN MoMo application one-time password is :1827.MTN MoMo does not recommend that you share or expose your one-time password with anyone. Be Vigilant. RdbS6eMOXvx N/RywfrtIZL>.
[WARNING] 2025-06-12T23:17:36.882Z - Skipping SMS due to missing amount: 1) 2024-08-23 DEPOSIT RWF 25000 Receiver: 250795963036 Sender:  Fee: RWF
[WARNING] 2025-06-12T23:17:36.883Z - Unrecognized transaction: Yello!Umaze kugura 5,000FRW(7GB) igura 5,000 RWF
[WARNING] 2025-06-12T23:17:36.884Z - Unrecognized transaction: Yello!Umaze kugura 3000Frw=2500Mins+100SMS igura 3,000 RWF
[WARNING] 2025-06-12T23:17:36.884Z - Unrecognized transaction: Yello!Umaze kugura 5,000FRW(7GB) igura 5,000 RWF
[WARNING] 2025-06-12T23:17:36.885Z - Unrecognized transaction: *143*R*Y'ello, the transaction with amount 14200 RWF for ESICIA LTD with message: 1734874172692585358074144 failed at 2024-09-21 15:49:01 .Please Contact MobileMoney HelpLine for Assistance.Thank you for using MTN MobileMoney.*EN#
[WARNING] 2025-06-12T23:17:36.886Z - Unrecognized transaction: *143*S*Your transaction to Mediatrice UWAYISENGA (250788658286) with 3000 RWF has been reversed at 2024-10-07 14:37:00. Your new balance is 10312 RWF. .Thank you for using MTN MobileMoney.*EN#
[WARNING] 2025-06-12T23:17:36.886Z - Unrecognized transaction: *143*R*Y'ello, the transaction with amount 11600 RWF for ESICIA LTD with message: 1763055172864732058074359 failed at 2024-10-11 14:00:00 .Please Contact MobileMoney HelpLine for Assistance.Thank you for using MTN MobileMoney.*EN#
[WARNING] 2025-06-12T23:17:36.886Z - Unrecognized transaction: Yello!Umaze kugura 3000Frw=2500Mins+100SMS igura 3,000 RWF
[WARNING] 2025-06-12T23:17:36.888Z - Unrecognized transaction: Yello!Umaze kugura 2000Frw=1000Mins+50SMS igura 2,000 RWF
[WARNING] 2025-06-12T23:17:36.890Z - Unrecognized transaction: Yello!Umaze kugura 3000Frw=2500Mins+100SMS igura 3,000 RWF
[WARNING] 2025-06-12T23:17:36.892Z - Unrecognized transaction: Yello!Umaze kugura 3000Frw=2500Mins+100SMS igura 3,000 RWF
[WARNING] 2025-06-13T16:03:55.751Z - Skipping SMS due to missing amount: <#> Dear Customer, your MTN MoMo application one-time password is :2476.MTN MoMo does not recommend that you share or expose your one-time password with anyone. Be Vigilant. RdbS6eMOXvx N/RywfrtIZL>.
[WARNING] 2025-06-13T16:03:55.752Z - Skipping SMS due to missing amount: <#> Dear Customer, your MTN MoMo application one-time password is :2527.MTN MoMo does not recommend that you share or expose your one-time password with anyone. Be Vigilant. RdbS6eMOXvx N/RywfrtIZL>.
[WARNING] 2025-06-13T16:03:55.752Z - Skipping SMS due to missing amount: <#> Dear Customer, your MTN MoMo application one-time password is :2900.MTN MoMo does not recommend that you share or expose your one-time password with anyone. Be Vigilant. RdbS6eMOXvx N/RywfrtIZL>.
[WARNING] 2025-06-13T16:03:55.752Z - Skipping SMS due to missing amount: <#> Dear Customer, your MTN MoMo application one-time password is :9591.MTN MoMo does not recommend that you share or expose your one-time password with anyone. Be Vigilant. RdbS6eMOXvx N/RywfrtIZL>.
[WARNING] 2025-06-13T16:03:55.752Z - Skipping SMS due to missing amount: <#> Dear Customer, your MTN MoMo application one-time password is :4666.MTN MoMo does not recommend that you share or expose your one-time password with anyone. Be Vigilant. RdbS6eMOXvx N/RywfrtIZL>.
[WARNING] 2025-06-13T16:03:55.752Z - Skipping SMS due to missing amount: <#> Dear Customer, your MTN MoMo application one-time password is :0086.MTN MoMo does not recommend that you share or expose your one-time password with anyone. Be Vigilant. RdbS6eMOXvx N/RywfrtIZL>.
[WARNING] 2025-06-13T16:03:55.753Z - Unrecognized transaction: Yello!Umaze kugura 2000Rwf(1GB)/30days igura 2,000 RWF
[WARNING] 2025-06-13T16:03:55.755Z - Unrecognized transaction: Yello!Umaze kugura 2,000FRW(2GB) igura 2,000 RWF
[WARNING] 2025-06-13T16:03:55.756Z - Unrecognized transaction: Yello!Umaze kugura 2,000FRW(2GB) igura 2,000 RWF
[WARNING] 2025-06-13T16:03:55.758Z - Unrecognized transaction: Yello!Umaze kugura 500FRW(800MB) igura 500 RWF
[WARNING] 2025-06-13T16:03:55.759Z - Unrecognized transaction: Yello!Umaze kugura 500FRW(800MB) igura 500 RWF
[WARNING] 2025-06-13T16:03:55.760Z - Unrecognized transaction: A reversal has been initiated for your transaction to Mediatrice UWAYISENGA (250788658286) with 3000 RWF.
[WARNING] 2025-06-13T16:03:55.760Z - Unrecognized transaction: Yello!Umaze kugura 200Rwf(50MB) igura 200 RWF
[WARNING] 2025-06-13T16:03:55.760Z - Unrecognized transaction: Yello!Umaze kugura 500FRW(800MB) igura 500 RWF
[WARNING] 2025-06-13T16:03:55.761Z - Unrecognized transaction: Yello!Umaze kugura 2000Rwf(1.5GB) igura 2,000 RWF
[WARNING] 2025-06-13T16:03:55.761Z - Unrecognized transaction: Yello!Umaze kugura 3000Frw=2500Mins+100SMS igura 3,000 RWF
[WARNING] 2025-06-13T16:03:55.761Z - Unrecognized transaction: Yello!Umaze kugura 500FRW(800MB) igura 500 RWF
[WARNING] 2025-06-13T16:03:55.761Z - Unrecognized transaction: Yello!Umaze kugura 1000Rwf(1GB) igura 1,000 RWF
[WARNING] 2025-06-13T16:03:55.762Z - Unrecognized transaction: Yello!Umaze kugura 200Rwf(50MB) igura 200 RWF
[WARNING] 2025-06-13T16:03:55.762Z - Unrecognized transaction: Yello!Umaze kugura 1,000FRW(2200MB) igura 1,000 RWF
[WARNING] 2025-06-13T16:03:55.762Z - Unrecognized transaction: Yello!Umaze kugura 1,000FRW(2200MB) igura 1,000 RWF
[WARNING] 2025-06-13T16:03:55.762Z - Skipping SMS due to missing amount: <#> Dear Customer, your MTN MoMo application one-time password is :2632.MTN MoMo does not recommend that you share or expose your one-time password with anyone. Be Vigilant. RdbS6eMOXvx N/RywfrtIZL>.
[WARNING] 2025-06-13T16:03:55.762Z - Skipping SMS due to missing amount: <#> Dear Customer, your MTN MoMo application one-time password is :1827.MTN MoMo does not recommend that you share or expose your one-time password with anyone. Be Vigilant. RdbS6eMOXvx N/RywfrtIZL>.
[WARNING] 2025-06-13T16:03:55.762Z - Skipping SMS due to missing amount: 1) 2024-08-23 DEPOSIT RWF 25000 Receiver: 250795963036 Sender:  Fee: RWF
[WARNING] 2025-06-13T16:03:55.763Z - Unrecognized transaction: Yello!Umaze kugura 5,000FRW(7GB) igura 5,000 RWF
[WARNING] 2025-06-13T16:03:55.765Z - Unrecognized transaction: Yello!Umaze kugura 3000Frw=2500Mins+100SMS igura 3,000 RWF
[WARNING] 2025-06-13T16:03:55.766Z - Unrecognized transaction: Yello!Umaze kugura 5,000FRW(7GB) igura 5,000 RWF
[WARNING] 2025-06-13T16:03:55.766Z - Unrecognized transaction: *143*R*Y'ello, the transaction with amount 14200 RWF for ESICIA LTD with message: 1734874172692585358074144 failed at 2024-09-21 15:49:01 .Please Contact MobileMoney HelpLine for Assistance.Thank you for using MTN MobileMoney.*EN#
[WARNING] 2025-06-13T16:03:55.768Z - Unrecognized transaction: *143*S*Your transaction to Mediatrice UWAYISENGA (250788658286) with 3000 RWF has been reversed at 2024-10-07 14:37:00. Your new balance is 10312 RWF. .Thank you for using MTN MobileMoney.*EN#
[WARNING] 2025-06-13T16:03:55.768Z - Unrecognized transaction: *143*R*Y'ello, the transaction with amount 11600 RWF for ESICIA LTD with message: 1763055172864732058074359 failed at 2024-10-11 14:00:00 .Please Contact MobileMoney HelpLine for Assistance.Thank you for using MTN MobileMoney.*EN#
[WARNING] 2025-06-13T16:03:55.768Z - Unrecognized transaction: Yello!Umaze kugura 3000Frw=2500Mins+100SMS igura 3,000 RWF
[WARNING] 2025-06-13T16:03:55.774Z - Unrecognized transaction: Yello!Umaze kugura 2000Frw=1000Mins+50SMS igura 2,000 RWF
[WARNING] 2025-06-13T16:03:55.778Z - Unrecognized transaction: Yello!Umaze kugura 3000Frw=2500Mins+100SMS igura 3,000 RWF
[WARNING] 2025-06-13T16:03:55.781Z - Unrecognized transaction: Yello!Umaze kugura 3000Frw=2500Mins+100SMS igura 3,000 RWF
[WARNING] 2025-06-13T17:20:45.462Z - Skipping SMS due to missing amount: <#> Dear Customer, your MTN MoMo application one-time password is :2476.MTN MoMo does not recommend that you share or expose your one-time password with anyone. Be Vigilant. RdbS6eMOXvx N/RywfrtIZL>.
[WARNING] 2025-06-13T17:20:45.463Z - Skipping SMS due to missing amount: <#> Dear Customer, your MTN MoMo application one-time password is :2527.MTN MoMo does not recommend that you share or expose your one-time password with anyone. Be Vigilant. RdbS6eMOXvx N/RywfrtIZL>.
[WARNING] 2025-06-13T17:20:45.463Z - Skipping SMS due to missing amount: <#> Dear Customer, your MTN MoMo application one-time password is :2900.MTN MoMo does not recommend that you share or expose your one-time password with anyone. Be Vigilant. RdbS6eMOXvx N/RywfrtIZL>.
[WARNING] 2025-06-13T17:20:45.463Z - Skipping SMS due to missing amount: <#> Dear Customer, your MTN MoMo application one-time password is :9591.MTN MoMo does not recommend that you share or expose your one-time password with anyone. Be Vigilant. RdbS6eMOXvx N/RywfrtIZL>.
[WARNING] 2025-06-13T17:20:45.463Z - Skipping SMS due to missing amount: <#> Dear Customer, your MTN MoMo application one-time password is :4666.MTN MoMo does not recommend that you share or expose your one-time password with anyone. Be Vigilant. RdbS6eMOXvx N/RywfrtIZL>.
[WARNING] 2025-06-13T17:20:45.463Z - Skipping SMS due to missing amount: <#> Dear Customer, your MTN MoMo application one-time password is :0086.MTN MoMo does not recommend that you share or expose your one-time password with anyone. Be Vigilant. RdbS6eMOXvx N/RywfrtIZL>.
[WARNING] 2025-06-13T17:20:45.464Z - Unrecognized transaction: Yello!Umaze kugura 2000Rwf(1GB)/30days igura 2,000 RWF
[WARNING] 2025-06-13T17:20:45.465Z - Unrecognized transaction: Yello!Umaze kugura 2,000FRW(2GB) igura 2,000 RWF
[WARNING] 2025-06-13T17:20:45.465Z - Unrecognized transaction: Yello!Umaze kugura 2,000FRW(2GB) igura 2,000 RWF
[WARNING] 2025-06-13T17:20:45.466Z - Unrecognized transaction: Yello!Umaze kugura 500FRW(800MB) igura 500 RWF
[WARNING] 2025-06-13T17:20:45.467Z - Unrecognized transaction: Yello!Umaze kugura 500FRW(800MB) igura 500 RWF
[WARNING] 2025-06-13T17:20:45.467Z - Unrecognized transaction: A reversal has been initiated for your transaction to Mediatrice UWAYISENGA (250788658286) with 3000 RWF.
[WARNING] 2025-06-13T17:20:45.467Z - Unrecognized transaction: Yello!Umaze kugura 200Rwf(50MB) igura 200 RWF
[WARNING] 2025-06-13T17:20:45.467Z - Unrecognized transaction: Yello!Umaze kugura 500FRW(800MB) igura 500 RWF
[WARNING] 2025-06-13T17:20:45.467Z - Unrecognized transaction: Yello!Umaze kugura 2000Rwf(1.5GB) igura 2,000 RWF
[WARNING] 2025-06-13T17:20:45.468Z - Unrecognized transaction: Yello!Umaze kugura 3000Frw=2500Mins+100SMS igura 3,000 RWF
[WARNING] 2025-06-13T17:20:45.468Z - Unrecognized transaction: Yello!Umaze kugura 500FRW(800MB) igura 500 RWF
[WARNING] 2025-06-13T17:20:45.468Z - Unrecognized transaction: Yello!Umaze kugura 1000Rwf(1GB) igura 1,000 RWF
[WARNING] 2025-06-13T17:20:45.468Z - Unrecognized transaction: Yello!Umaze kugura 200Rwf(50MB) igura 200 RWF
[WARNING] 2025-06-13T17:20:45.468Z - Unrecognized transaction: Yello!Umaze kugura 1,000FRW(2200MB) igura 1,000 RWF
[WARNING] 2025-06-13T17:20:45.468Z - Unrecognized transaction: Yello!Umaze kugura 1,000FRW(2200MB) igura 1,000 RWF
[WARNING] 2025-06-13T17:20:45.468Z - Skipping SMS due to missing amount: <#> Dear Customer, your MTN MoMo application one-time password is :2632.MTN MoMo does not recommend that you share or expose your one-time password with anyone. Be Vigilant. RdbS6eMOXvx N/RywfrtIZL>.
[WARNING] 2025-06-13T17:20:45.468Z - Skipping SMS due to missing amount: <#> Dear Customer, your MTN MoMo application one-time password is :1827.MTN MoMo does not recommend that you share or expose your one-time password with anyone. Be Vigilant. RdbS6eMOXvx N/RywfrtIZL>.
[WARNING] 2025-06-13T17:20:45.468Z - Skipping SMS due to missing amount: 1) 2024-08-23 DEPOSIT RWF 25000 Receiver: 250795963036 Sender:  Fee: RWF
[WARNING] 2025-06-13T17:20:45.469Z - Unrecognized transaction: Yello!Umaze kugura 5,000FRW(7GB) igura 5,000 RWF
[WARNING] 2025-06-13T17:20:45.469Z - Unrecognized transaction: Yello!Umaze kugura 3000Frw=2500Mins+100SMS igura 3,000 RWF
[WARNING] 2025-06-13T17:20:45.470Z - Unrecognized transaction: Yello!Umaze kugura 5,000FRW(7GB) igura 5,000 RWF
[WARNING] 2025-06-13T17:20:45.470Z - Unrecognized transaction: *143*R*Y'ello, the transaction with amount 14200 RWF for ESICIA LTD with message: 1734874172692585358074144 failed at 2024-09-21 15:49:01 .Please Contact MobileMoney HelpLine for Assistance.Thank you for using MTN MobileMoney.*EN#
[WARNING] 2025-06-13T17:20:45.471Z - Unrecognized transaction: *143*S*Your transaction to Mediatrice UWAYISENGA (250788658286) with 3000 RWF has been reversed at 2024-10-07 14:37:00. Your new balance is 10312 RWF. .Thank you for using MTN MobileMoney.*EN#
[WARNING] 2025-06-13T17:20:45.471Z - Unrecognized transaction: *143*R*Y'ello, the transaction with amount 11600 RWF for ESICIA LTD with message: 1763055172864732058074359 failed at 2024-10-11 14:00:00 .Please Contact MobileMoney HelpLine for Assistance.Thank you for using MTN MobileMoney.*EN#
[WARNING] 2025-06-13T17:20:45.471Z - Unrecognized transaction: Yello!Umaze kugura 3000Frw=2500Mins+100SMS igura 3,000 RWF
[WARNING] 2025-06-13T17:20:45.473Z - Unrecognized transaction: Yello!Umaze kugura 2000Frw=1000Mins+50SMS igura 2,000 RWF
[WARNING] 2025-06-13T17:20:45.474Z - Unrecognized transaction: Yello!Umaze kugura 3000Frw=2500Mins+100SMS igura 3,000 RWF
[WARNING] 2025-06-13T17:20:45.475Z - Unrecognized transaction: Yello!Umaze kugura 3000Frw=2500Mins+100SMS igura 3,000 RWF
